2026-06-26 22:08:42.066 [KernelNanny.3] Starting kernel nanny for engine 3, pid=2888513, nanny pid=2888776
2026-06-26 22:08:42.069 [KernelNanny.7] Starting kernel nanny for engine 7, pid=2888512, nanny pid=2888780
2026-06-26 22:08:42.069 [KernelNanny.5] Starting kernel nanny for engine 5, pid=2888515, nanny pid=2888778
2026-06-26 22:08:42.067 [KernelNanny.3] Nanny watching parent pid 2888513.
2026-06-26 22:08:42.071 [KernelNanny.4] Starting kernel nanny for engine 4, pid=2888519, nanny pid=2888777
2026-06-26 22:08:42.072 [KernelNanny.1] Starting kernel nanny for engine 1, pid=2888516, nanny pid=2888774
2026-06-26 22:08:42.072 [KernelNanny.2] Starting kernel nanny for engine 2, pid=2888518, nanny pid=2888775
2026-06-26 22:08:42.072 [KernelNanny.9] Starting kernel nanny for engine 9, pid=2888520, nanny pid=2888782
2026-06-26 22:08:42.069 [KernelNanny.7] Nanny watching parent pid 2888512.
2026-06-26 22:08:42.069 [KernelNanny.5] Nanny watching parent pid 2888515.
2026-06-26 22:08:42.072 [KernelNanny.2] Nanny watching parent pid 2888518.
2026-06-26 22:08:42.071 [KernelNanny.4] Nanny watching parent pid 2888519.
2026-06-26 22:08:42.072 [KernelNanny.1] Nanny watching parent pid 2888516.
2026-06-26 22:08:42.072 [KernelNanny.9] Nanny watching parent pid 2888520.
2026-06-26 22:08:42.076 [KernelNanny.10] Starting kernel nanny for engine 10, pid=2888511, nanny pid=2888783
2026-06-26 22:08:42.076 [KernelNanny.10] Nanny watching parent pid 2888511.
2026-06-26 22:08:42.080 [KernelNanny.0] Starting kernel nanny for engine 0, pid=2888500, nanny pid=2888773
2026-06-26 22:08:42.080 [KernelNanny.0] Nanny watching parent pid 2888500.
2026-06-26 22:08:42.088 [KernelNanny.6] Starting kernel nanny for engine 6, pid=2888496, nanny pid=2888779
2026-06-26 22:08:42.091 [KernelNanny.13] Starting kernel nanny for engine 13, pid=2888497, nanny pid=2888786
2026-06-26 22:08:42.091 [KernelNanny.12] Starting kernel nanny for engine 12, pid=2888508, nanny pid=2888785
2026-06-26 22:08:42.088 [KernelNanny.6] Nanny watching parent pid 2888496.
2026-06-26 22:08:42.092 [KernelNanny.8] Starting kernel nanny for engine 8, pid=2888498, nanny pid=2888781
2026-06-26 22:08:42.093 [KernelNanny.18] Starting kernel nanny for engine 18, pid=2888504, nanny pid=2888791
2026-06-26 22:08:42.094 [KernelNanny.14] Starting kernel nanny for engine 14, pid=2888502, nanny pid=2888787
2026-06-26 22:08:42.094 [KernelNanny.16] Starting kernel nanny for engine 16, pid=2888510, nanny pid=2888789
2026-06-26 22:08:42.094 [KernelNanny.19] Starting kernel nanny for engine 19, pid=2888499, nanny pid=2888792
2026-06-26 22:08:42.091 [KernelNanny.12] Nanny watching parent pid 2888508.
2026-06-26 22:08:42.091 [KernelNanny.13] Nanny watching parent pid 2888497.
2026-06-26 22:08:42.095 [KernelNanny.20] Starting kernel nanny for engine 20, pid=2888506, nanny pid=2888793
2026-06-26 22:08:42.092 [KernelNanny.8] Nanny watching parent pid 2888498.
2026-06-26 22:08:42.093 [KernelNanny.18] Nanny watching parent pid 2888504.
2026-06-26 22:08:42.097 [KernelNanny.17] Starting kernel nanny for engine 17, pid=2888503, nanny pid=2888790
2026-06-26 22:08:42.094 [KernelNanny.14] Nanny watching parent pid 2888502.
2026-06-26 22:08:42.094 [KernelNanny.16] Nanny watching parent pid 2888510.
2026-06-26 22:08:42.098 [KernelNanny.15] Starting kernel nanny for engine 15, pid=2888507, nanny pid=2888788
2026-06-26 22:08:42.098 [KernelNanny.23] Starting kernel nanny for engine 23, pid=2888505, nanny pid=2888796
2026-06-26 22:08:42.098 [KernelNanny.21] Starting kernel nanny for engine 21, pid=2888495, nanny pid=2888794
2026-06-26 22:08:42.098 [KernelNanny.22] Starting kernel nanny for engine 22, pid=2888509, nanny pid=2888795
2026-06-26 22:08:42.095 [KernelNanny.19] Nanny watching parent pid 2888499.
2026-06-26 22:08:42.095 [KernelNanny.20] Nanny watching parent pid 2888506.
2026-06-26 22:08:42.098 [KernelNanny.22] Nanny watching parent pid 2888509.
2026-06-26 22:08:42.097 [KernelNanny.17] Nanny watching parent pid 2888503.
2026-06-26 22:08:42.098 [KernelNanny.15] Nanny watching parent pid 2888507.
2026-06-26 22:08:42.098 [KernelNanny.21] Nanny watching parent pid 2888495.
2026-06-26 22:08:42.098 [KernelNanny.23] Nanny watching parent pid 2888505.
2026-06-26 22:08:42.114 [KernelNanny.11] Starting kernel nanny for engine 11, pid=2888501, nanny pid=2888784
2026-06-26 22:08:42.114 [KernelNanny.11] Nanny watching parent pid 2888501.
Sending logs to /home/dupreti/.ipython/profile_default/log/ipengine--2888511.log
Sending logs to /home/dupreti/.ipython/profile_default/log/ipengine--2888516.log
Sending logs to /home/dupreti/.ipython/profile_default/log/ipengine--2888518.log
Sending logs to /home/dupreti/.ipython/profile_default/log/ipengine--2888519.log
Sending logs to /home/dupreti/.ipython/profile_default/log/ipengine--2888520.log
Sending logs to /home/dupreti/.ipython/profile_default/log/ipengine--2888512.log
Sending logs to /home/dupreti/.ipython/profile_default/log/ipengine--2888513.log
Sending logs to /home/dupreti/.ipython/profile_default/log/ipengine--2888515.log
Sending logs to /home/dupreti/.ipython/profile_default/log/ipengine--2888501.log
Sending logs to /home/dupreti/.ipython/profile_default/log/ipengine--2888500.log
Sending logs to /home/dupreti/.ipython/profile_default/log/ipengine--2888497.log
Sending logs to /home/dupreti/.ipython/profile_default/log/ipengine--2888496.log
Sending logs to /home/dupreti/.ipython/profile_default/log/ipengine--2888498.log
Sending logs to /home/dupreti/.ipython/profile_default/log/ipengine--2888507.log
Sending logs to /home/dupreti/.ipython/profile_default/log/ipengine--2888499.log
Sending logs to /home/dupreti/.ipython/profile_default/log/ipengine--2888503.log
Sending logs to /home/dupreti/.ipython/profile_default/log/ipengine--2888508.log
Sending logs to /home/dupreti/.ipython/profile_default/log/ipengine--2888502.log
Sending logs to /home/dupreti/.ipython/profile_default/log/ipengine--2888495.log
Sending logs to /home/dupreti/.ipython/profile_default/log/ipengine--2888509.log
Sending logs to /home/dupreti/.ipython/profile_default/log/ipengine--2888510.log
Sending logs to /home/dupreti/.ipython/profile_default/log/ipengine--2888504.log
Sending logs to /home/dupreti/.ipython/profile_default/log/ipengine--2888505.log
Sending logs to /home/dupreti/.ipython/profile_default/log/ipengine--2888506.log
2026-06-26 22:31:19.241 [KernelNanny.10] Pipe closed, parent 2888511 has status: running
2026-06-26 22:31:19.241 [KernelNanny.10] Notifying Hub that our parent has shut down
2026-06-26 22:31:19.283 [KernelNanny.2] Pipe closed, parent 2888518 has status: running
2026-06-26 22:31:19.283 [KernelNanny.2] Notifying Hub that our parent has shut down
2026-06-26 22:31:19.283 [KernelNanny.9] Pipe closed, parent 2888520 has status: running
2026-06-26 22:31:19.283 [KernelNanny.9] Notifying Hub that our parent has shut down
2026-06-26 22:31:19.284 [KernelNanny.1] Pipe closed, parent 2888516 has status: running
2026-06-26 22:31:19.284 [KernelNanny.1] Notifying Hub that our parent has shut down
2026-06-26 22:31:19.284 [KernelNanny.4] Pipe closed, parent 2888519 has status: running
2026-06-26 22:31:19.284 [KernelNanny.4] Notifying Hub that our parent has shut down
2026-06-26 22:31:19.299 [KernelNanny.7] Pipe closed, parent 2888512 has status: running
2026-06-26 22:31:19.299 [KernelNanny.7] Notifying Hub that our parent has shut down
2026-06-26 22:31:19.327 [KernelNanny.3] Pipe closed, parent 2888513 has status: running
2026-06-26 22:31:19.327 [KernelNanny.3] Notifying Hub that our parent has shut down
2026-06-26 22:31:19.330 [KernelNanny.5] Pipe closed, parent 2888515 has status: running
2026-06-26 22:31:19.330 [KernelNanny.5] Notifying Hub that our parent has shut down
2026-06-26 22:31:19.353 [KernelNanny.13] Pipe closed, parent 2888497 has status: running
2026-06-26 22:31:19.353 [KernelNanny.13] Notifying Hub that our parent has shut down
2026-06-26 22:31:19.354 [KernelNanny.11] Pipe closed, parent 2888501 has status: running
2026-06-26 22:31:19.354 [KernelNanny.11] Notifying Hub that our parent has shut down
2026-06-26 22:31:19.363 [KernelNanny.19] Pipe closed, parent 2888499 has status: running
2026-06-26 22:31:19.363 [KernelNanny.17] Pipe closed, parent 2888503 has status: running
2026-06-26 22:31:19.364 [KernelNanny.19] Notifying Hub that our parent has shut down
2026-06-26 22:31:19.364 [KernelNanny.17] Notifying Hub that our parent has shut down
2026-06-26 22:31:19.364 [KernelNanny.15] Pipe closed, parent 2888507 has status: running
2026-06-26 22:31:19.364 [KernelNanny.21] Pipe closed, parent 2888495 has status: running
2026-06-26 22:31:19.364 [KernelNanny.15] Notifying Hub that our parent has shut down
2026-06-26 22:31:19.364 [KernelNanny.21] Notifying Hub that our parent has shut down
2026-06-26 22:31:19.372 [KernelNanny.22] Pipe closed, parent 2888509 has status: running
2026-06-26 22:31:19.373 [KernelNanny.22] Notifying Hub that our parent has shut down
2026-06-26 22:31:19.373 [KernelNanny.23] Pipe closed, parent 2888505 has status: running
2026-06-26 22:31:19.373 [KernelNanny.23] Notifying Hub that our parent has shut down
2026-06-26 22:31:19.383 [KernelNanny.0] Pipe closed, parent 2888500 has status: running
2026-06-26 22:31:19.383 [KernelNanny.0] Notifying Hub that our parent has shut down
2026-06-26 22:31:19.392 [KernelNanny.14] Pipe closed, parent 2888502 has status: running
2026-06-26 22:31:19.392 [KernelNanny.14] Notifying Hub that our parent has shut down
2026-06-26 22:31:19.393 [KernelNanny.12] Pipe closed, parent 2888508 has status: running
2026-06-26 22:31:19.393 [KernelNanny.12] Notifying Hub that our parent has shut down
2026-06-26 22:31:19.393 [KernelNanny.6] Pipe closed, parent 2888496 has status: running
2026-06-26 22:31:19.393 [KernelNanny.6] Notifying Hub that our parent has shut down
2026-06-26 22:31:19.395 [KernelNanny.8] Pipe closed, parent 2888498 has status: running
2026-06-26 22:31:19.395 [KernelNanny.8] Notifying Hub that our parent has shut down
2026-06-26 22:31:19.397 [KernelNanny.16] Pipe closed, parent 2888510 has status: running
2026-06-26 22:31:19.397 [KernelNanny.16] Notifying Hub that our parent has shut down
2026-06-26 22:31:19.401 [KernelNanny.20] Pipe closed, parent 2888506 has status: running
2026-06-26 22:31:19.401 [KernelNanny.20] Notifying Hub that our parent has shut down
2026-06-26 22:31:19.402 [KernelNanny.18] Pipe closed, parent 2888504 has status: running
2026-06-26 22:31:19.402 [KernelNanny.18] Notifying Hub that our parent has shut down
